Nov 27, 2023 10:39:20 PM org.example.AppLogger logError
SEVERE: El Pokémon con el nombre 'pikacho' no se encuentra.
Nov 27, 2023 10:40:03 PM org.example.AppLogger logError
SEVERE: ERROR AL INTENTAR ACCEDER POKEAPI: JsonNull
java.lang.UnsupportedOperationException: JsonNull
	at com.google.gson.JsonElement.getAsInt(JsonElement.java:231)
	at org.example.PokemonApp.MostrarAtributosPokemon(PokemonApp.java:521)
	at org.example.PokemonApp.MostrarImagenPokemon(PokemonApp.java:443)
	at org.example.PokemonApp$6.actionPerformed(PokemonApp.java:174)
	at java.desktop/javax.swing.JComboBox.fireActionEvent(JComboBox.java:1294)
	at java.desktop/javax.swing.JComboBox.setSelectedItem(JComboBox.java:619)
	at java.desktop/javax.swing.JComboBox.setSelectedIndex(JComboBox.java:654)
	at java.desktop/javax.swing.plaf.basic.BasicComboPopup$Handler.mouseReleased(BasicComboPopup.java:946)
	at java.desktop/java.awt.AWTEventMulticaster.mouseReleased(AWTEventMulticaster.java:298)
	at java.desktop/java.awt.Component.processMouseEvent(Component.java:6626)
	at java.desktop/javax.swing.JComponent.processMouseEvent(JComponent.java:3389)
	at java.desktop/javax.swing.plaf.basic.BasicComboPopup$1.processMouseEvent(BasicComboPopup.java:551)
	at java.desktop/java.awt.Component.processEvent(Component.java:6391)
	at java.desktop/java.awt.Container.processEvent(Container.java:2266)
	at java.desktop/java.awt.Component.dispatchEventImpl(Component.java:5001)
	at java.desktop/java.awt.Container.dispatchEventImpl(Container.java:2324)
	at java.desktop/java.awt.Component.dispatchEvent(Component.java:4833)
	at java.desktop/java.awt.LightweightDispatcher.retargetMouseEvent(Container.java:4948)
	at java.desktop/java.awt.LightweightDispatcher.processMouseEvent(Container.java:4575)
	at java.desktop/java.awt.LightweightDispatcher.dispatchEvent(Container.java:4516)
	at java.desktop/java.awt.Container.dispatchEventImpl(Container.java:2310)
	at java.desktop/java.awt.Window.dispatchEventImpl(Window.java:2780)
	at java.desktop/java.awt.Component.dispatchEvent(Component.java:4833)
	at java.desktop/java.awt.EventQueue.dispatchEventImpl(EventQueue.java:773)
	at java.desktop/java.awt.EventQueue$4.run(EventQueue.java:722)
	at java.desktop/java.awt.EventQueue$4.run(EventQueue.java:716)
	at java.base/java.security.AccessController.doPrivileged(AccessController.java:399)
	at java.base/java.security.ProtectionDomain$JavaSecurityAccessImpl.doIntersectionPrivilege(ProtectionDomain.java:86)
	at java.base/java.security.ProtectionDomain$JavaSecurityAccessImpl.doIntersectionPrivilege(ProtectionDomain.java:97)
	at java.desktop/java.awt.EventQueue$5.run(EventQueue.java:746)
	at java.desktop/java.awt.EventQueue$5.run(EventQueue.java:744)
	at java.base/java.security.AccessController.doPrivileged(AccessController.java:399)
	at java.base/java.security.ProtectionDomain$JavaSecurityAccessImpl.doIntersectionPrivilege(ProtectionDomain.java:86)
	at java.desktop/java.awt.EventQueue.dispatchEvent(EventQueue.java:743)
	at java.desktop/java.awt.EventDispatchThread.pumpOneEventForFilters(EventDispatchThread.java:203)
	at java.desktop/java.awt.EventDispatchThread.pumpEventsForFilter(EventDispatchThread.java:124)
	at java.desktop/java.awt.EventDispatchThread.pumpEventsForHierarchy(EventDispatchThread.java:113)
	at java.desktop/java.awt.EventDispatchThread.pumpEvents(EventDispatchThread.java:109)
	at java.desktop/java.awt.EventDispatchThread.pumpEvents(EventDispatchThread.java:101)
	at java.desktop/java.awt.EventDispatchThread.run(EventDispatchThread.java:90)

